[2025-11-11 03:10:38] production.ERROR: Your configuration files are not serializable. {"exception":"[object] (LogicException(code: 0): Your configuration files are not serializable. at /Users/besikiekseulidze/web-development/dropvoyage/vendor/laravel/framework/src/Illuminate/Foundation/Console/ConfigCacheCommand.php:73)
[stacktrace]
#0 /Users/besikiekseulidze/web-development/dropvoyage/vendor/laravel/framework/src/Illuminate/Container/BoundMethod.php(36): Illuminate\\Foundation\\Console\\ConfigCacheCommand->handle()
#1 /Users/besikiekseulidze/web-development/dropvoyage/vendor/laravel/framework/src/Illuminate/Container/Util.php(41): Illuminate\\Container\\BoundMethod::Illuminate\\Container\\{closure}()
#2 /Users/besikiekseulidze/web-development/dropvoyage/vendor/laravel/framework/src/Illuminate/Container/BoundMethod.php(93): Illuminate\\Container\\Util::unwrapIfClosure(Object(Closure))
#3 /Users/besikiekseulidze/web-development/dropvoyage/vendor/laravel/framework/src/Illuminate/Container/BoundMethod.php(35): Illuminate\\Container\\BoundMethod::callBoundMethod(Object(Illuminate\\Foundation\\Application), Array, Object(Closure))
#4 /Users/besikiekseulidze/web-development/dropvoyage/vendor/laravel/framework/src/Illuminate/Container/Container.php(662): Illuminate\\Container\\BoundMethod::call(Object(Illuminate\\Foundation\\Application), Array, Array, NULL)
#5 /Users/besikiekseulidze/web-development/dropvoyage/vendor/laravel/framework/src/Illuminate/Console/Command.php(211): Illuminate\\Container\\Container->call(Array)
#6 /Users/besikiekseulidze/web-development/dropvoyage/vendor/symfony/console/Command/Command.php(326): Illuminate\\Console\\Command->execute(Object(Symfony\\Component\\Console\\Input\\ArgvInput), Object(Illuminate\\Console\\OutputStyle))
#7 /Users/besikiekseulidze/web-development/dropvoyage/vendor/laravel/framework/src/Illuminate/Console/Command.php(180): Symfony\\Component\\Console\\Command\\Command->run(Object(Symfony\\Component\\Console\\Input\\ArgvInput), Object(Illuminate\\Console\\OutputStyle))
#8 /Users/besikiekseulidze/web-development/dropvoyage/vendor/symfony/console/Application.php(1096): Illuminate\\Console\\Command->run(Object(Symfony\\Component\\Console\\Input\\ArgvInput), Object(Symfony\\Component\\Console\\Output\\ConsoleOutput))
#9 /Users/besikiekseulidze/web-development/dropvoyage/vendor/symfony/console/Application.php(324): Symfony\\Component\\Console\\Application->doRunCommand(Object(Illuminate\\Foundation\\Console\\ConfigCacheCommand), Object(Symfony\\Component\\Console\\Input\\ArgvInput), Object(Symfony\\Component\\Console\\Output\\ConsoleOutput))
#10 /Users/besikiekseulidze/web-development/dropvoyage/vendor/symfony/console/Application.php(175): Symfony\\Component\\Console\\Application->doRun(Object(Symfony\\Component\\Console\\Input\\ArgvInput), Object(Symfony\\Component\\Console\\Output\\ConsoleOutput))
#11 /Users/besikiekseulidze/web-development/dropvoyage/vendor/laravel/framework/src/Illuminate/Foundation/Console/Kernel.php(201): Symfony\\Component\\Console\\Application->run(Object(Symfony\\Component\\Console\\Input\\ArgvInput), Object(Symfony\\Component\\Console\\Output\\ConsoleOutput))
#12 /Users/besikiekseulidze/web-development/dropvoyage/artisan(38): Illuminate\\Foundation\\Console\\Kernel->handle(Object(Symfony\\Component\\Console\\Input\\ArgvInput), Object(Symfony\\Component\\Console\\Output\\ConsoleOutput))
#13 {main}

[previous exception] [object] (Error(code: 0): Call to undefined method Illuminate\\Validation\\Rules\\Password::__set_state() at /Users/besikiekseulidze/web-development/dropvoyage/bootstrap/cache/config.php:965)
[stacktrace]
#0 /Users/besikiekseulidze/web-development/dropvoyage/vendor/laravel/framework/src/Illuminate/Foundation/Console/ConfigCacheCommand.php(69): require()
#1 /Users/besikiekseulidze/web-development/dropvoyage/vendor/laravel/framework/src/Illuminate/Container/BoundMethod.php(36): Illuminate\\Foundation\\Console\\ConfigCacheCommand->handle()
#2 /Users/besikiekseulidze/web-development/dropvoyage/vendor/laravel/framework/src/Illuminate/Container/Util.php(41): Illuminate\\Container\\BoundMethod::Illuminate\\Container\\{closure}()
#3 /Users/besikiekseulidze/web-development/dropvoyage/vendor/laravel/framework/src/Illuminate/Container/BoundMethod.php(93): Illuminate\\Container\\Util::unwrapIfClosure(Object(Closure))
#4 /Users/besikiekseulidze/web-development/dropvoyage/vendor/laravel/framework/src/Illuminate/Container/BoundMethod.php(35): Illuminate\\Container\\BoundMethod::callBoundMethod(Object(Illuminate\\Foundation\\Application), Array, Object(Closure))
#5 /Users/besikiekseulidze/web-development/dropvoyage/vendor/laravel/framework/src/Illuminate/Container/Container.php(662): Illuminate\\Container\\BoundMethod::call(Object(Illuminate\\Foundation\\Application), Array, Array, NULL)
#6 /Users/besikiekseulidze/web-development/dropvoyage/vendor/laravel/framework/src/Illuminate/Console/Command.php(211): Illuminate\\Container\\Container->call(Array)
#7 /Users/besikiekseulidze/web-development/dropvoyage/vendor/symfony/console/Command/Command.php(326): Illuminate\\Console\\Command->execute(Object(Symfony\\Component\\Console\\Input\\ArgvInput), Object(Illuminate\\Console\\OutputStyle))
#8 /Users/besikiekseulidze/web-development/dropvoyage/vendor/laravel/framework/src/Illuminate/Console/Command.php(180): Symfony\\Component\\Console\\Command\\Command->run(Object(Symfony\\Component\\Console\\Input\\ArgvInput), Object(Illuminate\\Console\\OutputStyle))
#9 /Users/besikiekseulidze/web-development/dropvoyage/vendor/symfony/console/Application.php(1096): Illuminate\\Console\\Command->run(Object(Symfony\\Component\\Console\\Input\\ArgvInput), Object(Symfony\\Component\\Console\\Output\\ConsoleOutput))
#10 /Users/besikiekseulidze/web-development/dropvoyage/vendor/symfony/console/Application.php(324): Symfony\\Component\\Console\\Application->doRunCommand(Object(Illuminate\\Foundation\\Console\\ConfigCacheCommand), Object(Symfony\\Component\\Console\\Input\\ArgvInput), Object(Symfony\\Component\\Console\\Output\\ConsoleOutput))
#11 /Users/besikiekseulidze/web-development/dropvoyage/vendor/symfony/console/Application.php(175): Symfony\\Component\\Console\\Application->doRun(Object(Symfony\\Component\\Console\\Input\\ArgvInput), Object(Symfony\\Component\\Console\\Output\\ConsoleOutput))
#12 /Users/besikiekseulidze/web-development/dropvoyage/vendor/laravel/framework/src/Illuminate/Foundation/Console/Kernel.php(201): Symfony\\Component\\Console\\Application->run(Object(Symfony\\Component\\Console\\Input\\ArgvInput), Object(Symfony\\Component\\Console\\Output\\ConsoleOutput))
#13 /Users/besikiekseulidze/web-development/dropvoyage/artisan(38): Illuminate\\Foundation\\Console\\Kernel->handle(Object(Symfony\\Component\\Console\\Input\\ArgvInput), Object(Symfony\\Component\\Console\\Output\\ConsoleOutput))
#14 {main}
"} 
[2025-11-11 03:10:39] production.ERROR: Unable to prepare route [media/folder] for serialization. Another route has already been assigned name [media.folder.index]. {"exception":"[object] (LogicException(code: 0): Unable to prepare route [media/folder] for serialization. Another route has already been assigned name [media.folder.index]. at /Users/besikiekseulidze/web-development/dropvoyage/vendor/laravel/framework/src/Illuminate/Routing/AbstractRouteCollection.php:247)
[stacktrace]
#0 /Users/besikiekseulidze/web-development/dropvoyage/vendor/laravel/framework/src/Illuminate/Routing/AbstractRouteCollection.php(208): Illuminate\\Routing\\AbstractRouteCollection->addToSymfonyRoutesCollection(Object(Symfony\\Component\\Routing\\RouteCollection), Object(Illuminate\\Routing\\Route))
#1 /Users/besikiekseulidze/web-development/dropvoyage/vendor/laravel/framework/src/Illuminate/Routing/RouteCollection.php(246): Illuminate\\Routing\\AbstractRouteCollection->toSymfonyRouteCollection()
#2 /Users/besikiekseulidze/web-development/dropvoyage/vendor/laravel/framework/src/Illuminate/Routing/AbstractRouteCollection.php(192): Illuminate\\Routing\\RouteCollection->toSymfonyRouteCollection()
#3 /Users/besikiekseulidze/web-development/dropvoyage/vendor/laravel/framework/src/Illuminate/Routing/AbstractRouteCollection.php(163): Illuminate\\Routing\\AbstractRouteCollection->dumper()
#4 /Users/besikiekseulidze/web-development/dropvoyage/vendor/laravel/framework/src/Illuminate/Foundation/Console/RouteCacheCommand.php(109): Illuminate\\Routing\\AbstractRouteCollection->compile()
#5 /Users/besikiekseulidze/web-development/dropvoyage/vendor/laravel/framework/src/Illuminate/Foundation/Console/RouteCacheCommand.php(68): Illuminate\\Foundation\\Console\\RouteCacheCommand->buildRouteCacheFile(Object(Illuminate\\Routing\\RouteCollection))
#6 /Users/besikiekseulidze/web-development/dropvoyage/vendor/laravel/framework/src/Illuminate/Container/BoundMethod.php(36): Illuminate\\Foundation\\Console\\RouteCacheCommand->handle()
#7 /Users/besikiekseulidze/web-development/dropvoyage/vendor/laravel/framework/src/Illuminate/Container/Util.php(41): Illuminate\\Container\\BoundMethod::Illuminate\\Container\\{closure}()
#8 /Users/besikiekseulidze/web-development/dropvoyage/vendor/laravel/framework/src/Illuminate/Container/BoundMethod.php(93): Illuminate\\Container\\Util::unwrapIfClosure(Object(Closure))
#9 /Users/besikiekseulidze/web-development/dropvoyage/vendor/laravel/framework/src/Illuminate/Container/BoundMethod.php(35): Illuminate\\Container\\BoundMethod::callBoundMethod(Object(Illuminate\\Foundation\\Application), Array, Object(Closure))
#10 /Users/besikiekseulidze/web-development/dropvoyage/vendor/laravel/framework/src/Illuminate/Container/Container.php(662): Illuminate\\Container\\BoundMethod::call(Object(Illuminate\\Foundation\\Application), Array, Array, NULL)
#11 /Users/besikiekseulidze/web-development/dropvoyage/vendor/laravel/framework/src/Illuminate/Console/Command.php(211): Illuminate\\Container\\Container->call(Array)
#12 /Users/besikiekseulidze/web-development/dropvoyage/vendor/symfony/console/Command/Command.php(326): Illuminate\\Console\\Command->execute(Object(Symfony\\Component\\Console\\Input\\ArgvInput), Object(Illuminate\\Console\\OutputStyle))
#13 /Users/besikiekseulidze/web-development/dropvoyage/vendor/laravel/framework/src/Illuminate/Console/Command.php(180): Symfony\\Component\\Console\\Command\\Command->run(Object(Symfony\\Component\\Console\\Input\\ArgvInput), Object(Illuminate\\Console\\OutputStyle))
#14 /Users/besikiekseulidze/web-development/dropvoyage/vendor/symfony/console/Application.php(1096): Illuminate\\Console\\Command->run(Object(Symfony\\Component\\Console\\Input\\ArgvInput), Object(Symfony\\Component\\Console\\Output\\ConsoleOutput))
#15 /Users/besikiekseulidze/web-development/dropvoyage/vendor/symfony/console/Application.php(324): Symfony\\Component\\Console\\Application->doRunCommand(Object(Illuminate\\Foundation\\Console\\RouteCacheCommand), Object(Symfony\\Component\\Console\\Input\\ArgvInput), Object(Symfony\\Component\\Console\\Output\\ConsoleOutput))
#16 /Users/besikiekseulidze/web-development/dropvoyage/vendor/symfony/console/Application.php(175): Symfony\\Component\\Console\\Application->doRun(Object(Symfony\\Component\\Console\\Input\\ArgvInput), Object(Symfony\\Component\\Console\\Output\\ConsoleOutput))
#17 /Users/besikiekseulidze/web-development/dropvoyage/vendor/laravel/framework/src/Illuminate/Foundation/Console/Kernel.php(201): Symfony\\Component\\Console\\Application->run(Object(Symfony\\Component\\Console\\Input\\ArgvInput), Object(Symfony\\Component\\Console\\Output\\ConsoleOutput))
#18 /Users/besikiekseulidze/web-development/dropvoyage/artisan(38): Illuminate\\Foundation\\Console\\Kernel->handle(Object(Symfony\\Component\\Console\\Input\\ArgvInput), Object(Symfony\\Component\\Console\\Output\\ConsoleOutput))
#19 {main}
"} 
[2025-11-11 03:10:39] production.ERROR: The "/Users/besikiekseulidze/web-development/dropvoyage/themes/Base/resources/views" directory does not exist. {"exception":"[object] (Symfony\\Component\\Finder\\Exception\\DirectoryNotFoundException(code: 0): The \"/Users/besikiekseulidze/web-development/dropvoyage/themes/Base/resources/views\" directory does not exist. at /Users/besikiekseulidze/web-development/dropvoyage/vendor/symfony/finder/Finder.php:649)
[stacktrace]
#0 /Users/besikiekseulidze/web-development/dropvoyage/vendor/laravel/framework/src/Illuminate/Foundation/Console/ViewCacheCommand.php(88): Symfony\\Component\\Finder\\Finder->in(Array)
#1 /Users/besikiekseulidze/web-development/dropvoyage/vendor/laravel/framework/src/Illuminate/Foundation/Console/ViewCacheCommand.php(43): Illuminate\\Foundation\\Console\\ViewCacheCommand->bladeFilesIn(Array)
#2 /Users/besikiekseulidze/web-development/dropvoyage/vendor/laravel/framework/src/Illuminate/Collections/Traits/EnumeratesValues.php(240): Illuminate\\Foundation\\Console\\ViewCacheCommand->Illuminate\\Foundation\\Console\\{closure}('/Users/besikiek...', 1)
#3 /Users/besikiekseulidze/web-development/dropvoyage/vendor/laravel/framework/src/Illuminate/Foundation/Console/ViewCacheCommand.php(38): Illuminate\\Support\\Collection->each(Object(Closure))
#4 /Users/besikiekseulidze/web-development/dropvoyage/vendor/laravel/framework/src/Illuminate/Container/BoundMethod.php(36): Illuminate\\Foundation\\Console\\ViewCacheCommand->handle()
#5 /Users/besikiekseulidze/web-development/dropvoyage/vendor/laravel/framework/src/Illuminate/Container/Util.php(41): Illuminate\\Container\\BoundMethod::Illuminate\\Container\\{closure}()
#6 /Users/besikiekseulidze/web-development/dropvoyage/vendor/laravel/framework/src/Illuminate/Container/BoundMethod.php(93): Illuminate\\Container\\Util::unwrapIfClosure(Object(Closure))
#7 /Users/besikiekseulidze/web-development/dropvoyage/vendor/laravel/framework/src/Illuminate/Container/BoundMethod.php(35): Illuminate\\Container\\BoundMethod::callBoundMethod(Object(Illuminate\\Foundation\\Application), Array, Object(Closure))
#8 /Users/besikiekseulidze/web-development/dropvoyage/vendor/laravel/framework/src/Illuminate/Container/Container.php(662): Illuminate\\Container\\BoundMethod::call(Object(Illuminate\\Foundation\\Application), Array, Array, NULL)
#9 /Users/besikiekseulidze/web-development/dropvoyage/vendor/laravel/framework/src/Illuminate/Console/Command.php(211): Illuminate\\Container\\Container->call(Array)
#10 /Users/besikiekseulidze/web-development/dropvoyage/vendor/symfony/console/Command/Command.php(326): Illuminate\\Console\\Command->execute(Object(Symfony\\Component\\Console\\Input\\ArgvInput), Object(Illuminate\\Console\\OutputStyle))
#11 /Users/besikiekseulidze/web-development/dropvoyage/vendor/laravel/framework/src/Illuminate/Console/Command.php(180): Symfony\\Component\\Console\\Command\\Command->run(Object(Symfony\\Component\\Console\\Input\\ArgvInput), Object(Illuminate\\Console\\OutputStyle))
#12 /Users/besikiekseulidze/web-development/dropvoyage/vendor/symfony/console/Application.php(1096): Illuminate\\Console\\Command->run(Object(Symfony\\Component\\Console\\Input\\ArgvInput), Object(Symfony\\Component\\Console\\Output\\ConsoleOutput))
#13 /Users/besikiekseulidze/web-development/dropvoyage/vendor/symfony/console/Application.php(324): Symfony\\Component\\Console\\Application->doRunCommand(Object(Illuminate\\Foundation\\Console\\ViewCacheCommand), Object(Symfony\\Component\\Console\\Input\\ArgvInput), Object(Symfony\\Component\\Console\\Output\\ConsoleOutput))
#14 /Users/besikiekseulidze/web-development/dropvoyage/vendor/symfony/console/Application.php(175): Symfony\\Component\\Console\\Application->doRun(Object(Symfony\\Component\\Console\\Input\\ArgvInput), Object(Symfony\\Component\\Console\\Output\\ConsoleOutput))
#15 /Users/besikiekseulidze/web-development/dropvoyage/vendor/laravel/framework/src/Illuminate/Foundation/Console/Kernel.php(201): Symfony\\Component\\Console\\Application->run(Object(Symfony\\Component\\Console\\Input\\ArgvInput), Object(Symfony\\Component\\Console\\Output\\ConsoleOutput))
#16 /Users/besikiekseulidze/web-development/dropvoyage/artisan(38): Illuminate\\Foundation\\Console\\Kernel->handle(Object(Symfony\\Component\\Console\\Input\\ArgvInput), Object(Symfony\\Component\\Console\\Output\\ConsoleOutput))
#17 {main}
"} 
[2025-11-11 15:14:21] production.WARNING: Failed to call Google Directions API for car transfer search {"exception":"cURL error 28: Operation timed out after 10002 milliseconds with 0 bytes received (see https://curl.haxx.se/libcurl/c/libcurl-errors.html) for https://maps.googleapis.com/maps/api/directions/json?origin=41.69320698%2C44.80122125&destination=41.6933656%2C44.801529&key=AIzaSyD4huOFRh3TLmtak-E5cjzwFwdrEU1QToo"} 
[2025-11-11 15:14:31] production.WARNING: Failed to call Google Directions API for car transfer search {"exception":"cURL error 28: Connection timed out after 10002 milliseconds (see https://curl.haxx.se/libcurl/c/libcurl-errors.html) for https://maps.googleapis.com/maps/api/directions/json?origin=41.69320698%2C44.80122125&destination=41.6933656%2C44.801529&key=AIzaSyD4huOFRh3TLmtak-E5cjzwFwdrEU1QToo"} 
[2025-11-11 15:14:41] production.WARNING: Failed to call Google Directions API for car transfer search {"exception":"cURL error 28: Operation timed out after 10002 milliseconds with 0 bytes received (see https://curl.haxx.se/libcurl/c/libcurl-errors.html) for https://maps.googleapis.com/maps/api/directions/json?origin=41.69320698%2C44.80122125&destination=41.6933656%2C44.801529&key=AIzaSyD4huOFRh3TLmtak-E5cjzwFwdrEU1QToo"} 
[2025-11-11 15:14:51] production.WARNING: Failed to call Google Directions API for car transfer search {"exception":"cURL error 28: Connection timed out after 10000 milliseconds (see https://curl.haxx.se/libcurl/c/libcurl-errors.html) for https://maps.googleapis.com/maps/api/directions/json?origin=41.69320698%2C44.80122125&destination=41.6933656%2C44.801529&key=AIzaSyD4huOFRh3TLmtak-E5cjzwFwdrEU1QToo"} 
[2025-11-11 18:43:24] production.ERROR: Your configuration files are not serializable. {"exception":"[object] (LogicException(code: 0): Your configuration files are not serializable. at /Users/besikiekseulidze/web-development/dropvoyage/vendor/laravel/framework/src/Illuminate/Foundation/Console/ConfigCacheCommand.php:73)
[stacktrace]
#0 /Users/besikiekseulidze/web-development/dropvoyage/vendor/laravel/framework/src/Illuminate/Container/BoundMethod.php(36): Illuminate\\Foundation\\Console\\ConfigCacheCommand->handle()
#1 /Users/besikiekseulidze/web-development/dropvoyage/vendor/laravel/framework/src/Illuminate/Container/Util.php(41): Illuminate\\Container\\BoundMethod::Illuminate\\Container\\{closure}()
#2 /Users/besikiekseulidze/web-development/dropvoyage/vendor/laravel/framework/src/Illuminate/Container/BoundMethod.php(93): Illuminate\\Container\\Util::unwrapIfClosure(Object(Closure))
#3 /Users/besikiekseulidze/web-development/dropvoyage/vendor/laravel/framework/src/Illuminate/Container/BoundMethod.php(35): Illuminate\\Container\\BoundMethod::callBoundMethod(Object(Illuminate\\Foundation\\Application), Array, Object(Closure))
#4 /Users/besikiekseulidze/web-development/dropvoyage/vendor/laravel/framework/src/Illuminate/Container/Container.php(662): Illuminate\\Container\\BoundMethod::call(Object(Illuminate\\Foundation\\Application), Array, Array, NULL)
#5 /Users/besikiekseulidze/web-development/dropvoyage/vendor/laravel/framework/src/Illuminate/Console/Command.php(211): Illuminate\\Container\\Container->call(Array)
#6 /Users/besikiekseulidze/web-development/dropvoyage/vendor/symfony/console/Command/Command.php(326): Illuminate\\Console\\Command->execute(Object(Symfony\\Component\\Console\\Input\\ArrayInput), Object(Illuminate\\Console\\OutputStyle))
#7 /Users/besikiekseulidze/web-development/dropvoyage/vendor/laravel/framework/src/Illuminate/Console/Command.php(180): Symfony\\Component\\Console\\Command\\Command->run(Object(Symfony\\Component\\Console\\Input\\ArrayInput), Object(Illuminate\\Console\\OutputStyle))
#8 /Users/besikiekseulidze/web-development/dropvoyage/vendor/laravel/framework/src/Illuminate/Console/Concerns/CallsCommands.php(67): Illuminate\\Console\\Command->run(Object(Symfony\\Component\\Console\\Input\\ArrayInput), Object(Symfony\\Component\\Console\\Output\\NullOutput))
#9 /Users/besikiekseulidze/web-development/dropvoyage/vendor/laravel/framework/src/Illuminate/Console/Concerns/CallsCommands.php(40): Illuminate\\Console\\Command->runCommand('config:cache', Array, Object(Symfony\\Component\\Console\\Output\\NullOutput))
#10 /Users/besikiekseulidze/web-development/dropvoyage/vendor/laravel/framework/src/Illuminate/Foundation/Console/OptimizeCommand.php(35): Illuminate\\Console\\Command->callSilent('config:cache')
#11 /Users/besikiekseulidze/web-development/dropvoyage/vendor/laravel/framework/src/Illuminate/Console/View/Components/Task.php(37): Illuminate\\Foundation\\Console\\OptimizeCommand->Illuminate\\Foundation\\Console\\{closure}()
#12 /Users/besikiekseulidze/web-development/dropvoyage/vendor/laravel/framework/src/Illuminate/Console/View/Components/Factory.php(58): Illuminate\\Console\\View\\Components\\Task->render('config', Object(Closure))
#13 /Users/besikiekseulidze/web-development/dropvoyage/vendor/laravel/framework/src/Illuminate/Foundation/Console/OptimizeCommand.php(37): Illuminate\\Console\\View\\Components\\Factory->__call('task', Array)
#14 /Users/besikiekseulidze/web-development/dropvoyage/vendor/laravel/framework/src/Illuminate/Collections/Traits/EnumeratesValues.php(240): Illuminate\\Foundation\\Console\\OptimizeCommand->Illuminate\\Foundation\\Console\\{closure}(Object(Closure), 'config')
#15 /Users/besikiekseulidze/web-development/dropvoyage/vendor/laravel/framework/src/Illuminate/Foundation/Console/OptimizeCommand.php(37): Illuminate\\Support\\Collection->each(Object(Closure))
#16 /Users/besikiekseulidze/web-development/dropvoyage/vendor/laravel/framework/src/Illuminate/Container/BoundMethod.php(36): Illuminate\\Foundation\\Console\\OptimizeCommand->handle()
#17 /Users/besikiekseulidze/web-development/dropvoyage/vendor/laravel/framework/src/Illuminate/Container/Util.php(41): Illuminate\\Container\\BoundMethod::Illuminate\\Container\\{closure}()
#18 /Users/besikiekseulidze/web-development/dropvoyage/vendor/laravel/framework/src/Illuminate/Container/BoundMethod.php(93): Illuminate\\Container\\Util::unwrapIfClosure(Object(Closure))
#19 /Users/besikiekseulidze/web-development/dropvoyage/vendor/laravel/framework/src/Illuminate/Container/BoundMethod.php(35): Illuminate\\Container\\BoundMethod::callBoundMethod(Object(Illuminate\\Foundation\\Application), Array, Object(Closure))
#20 /Users/besikiekseulidze/web-development/dropvoyage/vendor/laravel/framework/src/Illuminate/Container/Container.php(662): Illuminate\\Container\\BoundMethod::call(Object(Illuminate\\Foundation\\Application), Array, Array, NULL)
#21 /Users/besikiekseulidze/web-development/dropvoyage/vendor/laravel/framework/src/Illuminate/Console/Command.php(211): Illuminate\\Container\\Container->call(Array)
#22 /Users/besikiekseulidze/web-development/dropvoyage/vendor/symfony/console/Command/Command.php(326): Illuminate\\Console\\Command->execute(Object(Symfony\\Component\\Console\\Input\\ArgvInput), Object(Illuminate\\Console\\OutputStyle))
#23 /Users/besikiekseulidze/web-development/dropvoyage/vendor/laravel/framework/src/Illuminate/Console/Command.php(180): Symfony\\Component\\Console\\Command\\Command->run(Object(Symfony\\Component\\Console\\Input\\ArgvInput), Object(Illuminate\\Console\\OutputStyle))
#24 /Users/besikiekseulidze/web-development/dropvoyage/vendor/symfony/console/Application.php(1096): Illuminate\\Console\\Command->run(Object(Symfony\\Component\\Console\\Input\\ArgvInput), Object(Symfony\\Component\\Console\\Output\\ConsoleOutput))
#25 /Users/besikiekseulidze/web-development/dropvoyage/vendor/symfony/console/Application.php(324): Symfony\\Component\\Console\\Application->doRunCommand(Object(Illuminate\\Foundation\\Console\\OptimizeCommand), Object(Symfony\\Component\\Console\\Input\\ArgvInput), Object(Symfony\\Component\\Console\\Output\\ConsoleOutput))
#26 /Users/besikiekseulidze/web-development/dropvoyage/vendor/symfony/console/Application.php(175): Symfony\\Component\\Console\\Application->doRun(Object(Symfony\\Component\\Console\\Input\\ArgvInput), Object(Symfony\\Component\\Console\\Output\\ConsoleOutput))
#27 /Users/besikiekseulidze/web-development/dropvoyage/vendor/laravel/framework/src/Illuminate/Foundation/Console/Kernel.php(201): Symfony\\Component\\Console\\Application->run(Object(Symfony\\Component\\Console\\Input\\ArgvInput), Object(Symfony\\Component\\Console\\Output\\ConsoleOutput))
#28 /Users/besikiekseulidze/web-development/dropvoyage/artisan(38): Illuminate\\Foundation\\Console\\Kernel->handle(Object(Symfony\\Component\\Console\\Input\\ArgvInput), Object(Symfony\\Component\\Console\\Output\\ConsoleOutput))
#29 {main}

[previous exception] [object] (Error(code: 0): Call to undefined method Illuminate\\Validation\\Rules\\Password::__set_state() at /Users/besikiekseulidze/web-development/dropvoyage/bootstrap/cache/config.php:965)
[stacktrace]
#0 /Users/besikiekseulidze/web-development/dropvoyage/vendor/laravel/framework/src/Illuminate/Foundation/Console/ConfigCacheCommand.php(69): require()
#1 /Users/besikiekseulidze/web-development/dropvoyage/vendor/laravel/framework/src/Illuminate/Container/BoundMethod.php(36): Illuminate\\Foundation\\Console\\ConfigCacheCommand->handle()
#2 /Users/besikiekseulidze/web-development/dropvoyage/vendor/laravel/framework/src/Illuminate/Container/Util.php(41): Illuminate\\Container\\BoundMethod::Illuminate\\Container\\{closure}()
#3 /Users/besikiekseulidze/web-development/dropvoyage/vendor/laravel/framework/src/Illuminate/Container/BoundMethod.php(93): Illuminate\\Container\\Util::unwrapIfClosure(Object(Closure))
#4 /Users/besikiekseulidze/web-development/dropvoyage/vendor/laravel/framework/src/Illuminate/Container/BoundMethod.php(35): Illuminate\\Container\\BoundMethod::callBoundMethod(Object(Illuminate\\Foundation\\Application), Array, Object(Closure))
#5 /Users/besikiekseulidze/web-development/dropvoyage/vendor/laravel/framework/src/Illuminate/Container/Container.php(662): Illuminate\\Container\\BoundMethod::call(Object(Illuminate\\Foundation\\Application), Array, Array, NULL)
#6 /Users/besikiekseulidze/web-development/dropvoyage/vendor/laravel/framework/src/Illuminate/Console/Command.php(211): Illuminate\\Container\\Container->call(Array)
#7 /Users/besikiekseulidze/web-development/dropvoyage/vendor/symfony/console/Command/Command.php(326): Illuminate\\Console\\Command->execute(Object(Symfony\\Component\\Console\\Input\\ArrayInput), Object(Illuminate\\Console\\OutputStyle))
#8 /Users/besikiekseulidze/web-development/dropvoyage/vendor/laravel/framework/src/Illuminate/Console/Command.php(180): Symfony\\Component\\Console\\Command\\Command->run(Object(Symfony\\Component\\Console\\Input\\ArrayInput), Object(Illuminate\\Console\\OutputStyle))
#9 /Users/besikiekseulidze/web-development/dropvoyage/vendor/laravel/framework/src/Illuminate/Console/Concerns/CallsCommands.php(67): Illuminate\\Console\\Command->run(Object(Symfony\\Component\\Console\\Input\\ArrayInput), Object(Symfony\\Component\\Console\\Output\\NullOutput))
#10 /Users/besikiekseulidze/web-development/dropvoyage/vendor/laravel/framework/src/Illuminate/Console/Concerns/CallsCommands.php(40): Illuminate\\Console\\Command->runCommand('config:cache', Array, Object(Symfony\\Component\\Console\\Output\\NullOutput))
#11 /Users/besikiekseulidze/web-development/dropvoyage/vendor/laravel/framework/src/Illuminate/Foundation/Console/OptimizeCommand.php(35): Illuminate\\Console\\Command->callSilent('config:cache')
#12 /Users/besikiekseulidze/web-development/dropvoyage/vendor/laravel/framework/src/Illuminate/Console/View/Components/Task.php(37): Illuminate\\Foundation\\Console\\OptimizeCommand->Illuminate\\Foundation\\Console\\{closure}()
#13 /Users/besikiekseulidze/web-development/dropvoyage/vendor/laravel/framework/src/Illuminate/Console/View/Components/Factory.php(58): Illuminate\\Console\\View\\Components\\Task->render('config', Object(Closure))
#14 /Users/besikiekseulidze/web-development/dropvoyage/vendor/laravel/framework/src/Illuminate/Foundation/Console/OptimizeCommand.php(37): Illuminate\\Console\\View\\Components\\Factory->__call('task', Array)
#15 /Users/besikiekseulidze/web-development/dropvoyage/vendor/laravel/framework/src/Illuminate/Collections/Traits/EnumeratesValues.php(240): Illuminate\\Foundation\\Console\\OptimizeCommand->Illuminate\\Foundation\\Console\\{closure}(Object(Closure), 'config')
#16 /Users/besikiekseulidze/web-development/dropvoyage/vendor/laravel/framework/src/Illuminate/Foundation/Console/OptimizeCommand.php(37): Illuminate\\Support\\Collection->each(Object(Closure))
#17 /Users/besikiekseulidze/web-development/dropvoyage/vendor/laravel/framework/src/Illuminate/Container/BoundMethod.php(36): Illuminate\\Foundation\\Console\\OptimizeCommand->handle()
#18 /Users/besikiekseulidze/web-development/dropvoyage/vendor/laravel/framework/src/Illuminate/Container/Util.php(41): Illuminate\\Container\\BoundMethod::Illuminate\\Container\\{closure}()
#19 /Users/besikiekseulidze/web-development/dropvoyage/vendor/laravel/framework/src/Illuminate/Container/BoundMethod.php(93): Illuminate\\Container\\Util::unwrapIfClosure(Object(Closure))
#20 /Users/besikiekseulidze/web-development/dropvoyage/vendor/laravel/framework/src/Illuminate/Container/BoundMethod.php(35): Illuminate\\Container\\BoundMethod::callBoundMethod(Object(Illuminate\\Foundation\\Application), Array, Object(Closure))
#21 /Users/besikiekseulidze/web-development/dropvoyage/vendor/laravel/framework/src/Illuminate/Container/Container.php(662): Illuminate\\Container\\BoundMethod::call(Object(Illuminate\\Foundation\\Application), Array, Array, NULL)
#22 /Users/besikiekseulidze/web-development/dropvoyage/vendor/laravel/framework/src/Illuminate/Console/Command.php(211): Illuminate\\Container\\Container->call(Array)
#23 /Users/besikiekseulidze/web-development/dropvoyage/vendor/symfony/console/Command/Command.php(326): Illuminate\\Console\\Command->execute(Object(Symfony\\Component\\Console\\Input\\ArgvInput), Object(Illuminate\\Console\\OutputStyle))
#24 /Users/besikiekseulidze/web-development/dropvoyage/vendor/laravel/framework/src/Illuminate/Console/Command.php(180): Symfony\\Component\\Console\\Command\\Command->run(Object(Symfony\\Component\\Console\\Input\\ArgvInput), Object(Illuminate\\Console\\OutputStyle))
#25 /Users/besikiekseulidze/web-development/dropvoyage/vendor/symfony/console/Application.php(1096): Illuminate\\Console\\Command->run(Object(Symfony\\Component\\Console\\Input\\ArgvInput), Object(Symfony\\Component\\Console\\Output\\ConsoleOutput))
#26 /Users/besikiekseulidze/web-development/dropvoyage/vendor/symfony/console/Application.php(324): Symfony\\Component\\Console\\Application->doRunCommand(Object(Illuminate\\Foundation\\Console\\OptimizeCommand), Object(Symfony\\Component\\Console\\Input\\ArgvInput), Object(Symfony\\Component\\Console\\Output\\ConsoleOutput))
#27 /Users/besikiekseulidze/web-development/dropvoyage/vendor/symfony/console/Application.php(175): Symfony\\Component\\Console\\Application->doRun(Object(Symfony\\Component\\Console\\Input\\ArgvInput), Object(Symfony\\Component\\Console\\Output\\ConsoleOutput))
#28 /Users/besikiekseulidze/web-development/dropvoyage/vendor/laravel/framework/src/Illuminate/Foundation/Console/Kernel.php(201): Symfony\\Component\\Console\\Application->run(Object(Symfony\\Component\\Console\\Input\\ArgvInput), Object(Symfony\\Component\\Console\\Output\\ConsoleOutput))
#29 /Users/besikiekseulidze/web-development/dropvoyage/artisan(38): Illuminate\\Foundation\\Console\\Kernel->handle(Object(Symfony\\Component\\Console\\Input\\ArgvInput), Object(Symfony\\Component\\Console\\Output\\ConsoleOutput))
#30 {main}
"} 
[2025-11-11 18:47:51] production.WARNING: Google Directions API returned status {"status":"ZERO_RESULTS","error_message":null} 
[2025-11-11 18:47:52] production.WARNING: Google Directions API returned status {"status":"ZERO_RESULTS","error_message":null} 
[2025-11-11 18:47:54] production.WARNING: Google Directions API returned status {"status":"ZERO_RESULTS","error_message":null} 
[2025-11-11 18:47:54] production.WARNING: Google Directions API returned status {"status":"ZERO_RESULTS","error_message":null} 
[2025-11-11 18:47:55] production.WARNING: Google Directions API returned status {"status":"ZERO_RESULTS","error_message":null} 
[2025-11-11 18:47:55] production.WARNING: Google Directions API returned status {"status":"ZERO_RESULTS","error_message":null} 
[2025-11-11 21:14:59] production.WARNING: Google Directions API returned status {"status":"ZERO_RESULTS","error_message":null} 
[2025-11-11 21:14:59] production.WARNING: Google Directions API returned status {"status":"ZERO_RESULTS","error_message":null} 
[2025-11-11 21:15:00] production.WARNING: Google Directions API returned status {"status":"ZERO_RESULTS","error_message":null} 
[2025-11-11 21:15:00] production.WARNING: Google Directions API returned status {"status":"ZERO_RESULTS","error_message":null} 
[2025-11-11 21:15:01] production.WARNING: Google Directions API returned status {"status":"ZERO_RESULTS","error_message":null} 
[2025-11-11 21:15:01] production.WARNING: Google Directions API returned status {"status":"ZERO_RESULTS","error_message":null} 
[2025-11-11 21:15:02] production.WARNING: Google Directions API returned status {"status":"ZERO_RESULTS","error_message":null} 
[2025-11-11 21:15:02] production.WARNING: Google Directions API returned status {"status":"ZERO_RESULTS","error_message":null} 
[2025-11-11 21:18:01] production.WARNING: Google Directions API returned status {"status":"ZERO_RESULTS","error_message":null} 
[2025-11-11 21:18:01] production.WARNING: Google Directions API returned status {"status":"ZERO_RESULTS","error_message":null} 
[2025-11-11 21:18:02] production.WARNING: Google Directions API returned status {"status":"ZERO_RESULTS","error_message":null} 
[2025-11-11 21:18:02] production.WARNING: Google Directions API returned status {"status":"ZERO_RESULTS","error_message":null} 
[2025-11-11 21:18:07] production.WARNING: Google Directions API returned status {"status":"ZERO_RESULTS","error_message":null} 
[2025-11-11 21:18:07] production.WARNING: Google Directions API returned status {"status":"ZERO_RESULTS","error_message":null} 
[2025-11-11 21:18:08] production.WARNING: Google Directions API returned status {"status":"ZERO_RESULTS","error_message":null} 
[2025-11-11 21:18:09] production.WARNING: Google Directions API returned status {"status":"ZERO_RESULTS","error_message":null} 
[2025-11-11 21:18:09] production.WARNING: Google Directions API returned status {"status":"ZERO_RESULTS","error_message":null} 
[2025-11-11 21:18:10] production.WARNING: Google Directions API returned status {"status":"ZERO_RESULTS","error_message":null} 
[2025-11-11 21:18:10] production.WARNING: Google Directions API returned status {"status":"ZERO_RESULTS","error_message":null} 
[2025-11-11 21:18:10] production.WARNING: Google Directions API returned status {"status":"ZERO_RESULTS","error_message":null} 
[2025-11-11 21:18:11] production.WARNING: Google Directions API returned status {"status":"ZERO_RESULTS","error_message":null} 
[2025-11-11 21:18:11] production.WARNING: Google Directions API returned status {"status":"ZERO_RESULTS","error_message":null} 
[2025-11-11 21:18:12] production.WARNING: Google Directions API returned status {"status":"ZERO_RESULTS","error_message":null} 
[2025-11-11 21:18:12] production.WARNING: Google Directions API returned status {"status":"ZERO_RESULTS","error_message":null} 
[2025-11-11 21:18:15] production.WARNING: Google Directions API returned status {"status":"ZERO_RESULTS","error_message":null} 
[2025-11-11 21:18:15] production.WARNING: Google Directions API returned status {"status":"ZERO_RESULTS","error_message":null} 
[2025-11-11 21:18:38] production.WARNING: Google Directions API returned status {"status":"ZERO_RESULTS","error_message":null} 
[2025-11-11 21:18:38] production.WARNING: Google Directions API returned status {"status":"ZERO_RESULTS","error_message":null} 
[2025-11-11 21:18:39] production.WARNING: Google Directions API returned status {"status":"ZERO_RESULTS","error_message":null} 
[2025-11-11 21:18:39] production.WARNING: Google Directions API returned status {"status":"ZERO_RESULTS","error_message":null} 
[2025-11-11 21:18:40] production.WARNING: Google Directions API returned status {"status":"ZERO_RESULTS","error_message":null} 
[2025-11-11 21:18:40] production.WARNING: Google Directions API returned status {"status":"ZERO_RESULTS","error_message":null} 
[2025-11-11 21:18:41] production.WARNING: Google Directions API returned status {"status":"ZERO_RESULTS","error_message":null} 
[2025-11-11 21:18:41] production.WARNING: Google Directions API returned status {"status":"ZERO_RESULTS","error_message":null} 
[2025-11-11 21:18:42] production.WARNING: Google Directions API returned status {"status":"ZERO_RESULTS","error_message":null} 
[2025-11-11 21:18:42] production.WARNING: Google Directions API returned status {"status":"ZERO_RESULTS","error_message":null} 
[2025-11-11 21:18:43] production.WARNING: Google Directions API returned status {"status":"ZERO_RESULTS","error_message":null} 
[2025-11-11 21:18:43] production.WARNING: Google Directions API returned status {"status":"ZERO_RESULTS","error_message":null} 
[2025-11-11 21:18:43] production.WARNING: Google Directions API returned status {"status":"ZERO_RESULTS","error_message":null} 
[2025-11-11 21:18:44] production.WARNING: Google Directions API returned status {"status":"ZERO_RESULTS","error_message":null} 
[2025-11-11 21:18:45] production.WARNING: Google Directions API returned status {"status":"ZERO_RESULTS","error_message":null} 
[2025-11-11 21:18:45] production.WARNING: Google Directions API returned status {"status":"ZERO_RESULTS","error_message":null} 
[2025-11-11 21:18:48] production.WARNING: Google Directions API returned status {"status":"ZERO_RESULTS","error_message":null} 
[2025-11-11 21:18:48] production.WARNING: Google Directions API returned status {"status":"ZERO_RESULTS","error_message":null} 
[2025-11-11 21:18:49] production.WARNING: Google Directions API returned status {"status":"ZERO_RESULTS","error_message":null} 
[2025-11-11 21:18:49] production.WARNING: Google Directions API returned status {"status":"ZERO_RESULTS","error_message":null} 
[2025-11-11 21:18:51] production.WARNING: Google Directions API returned status {"status":"ZERO_RESULTS","error_message":null} 
[2025-11-11 21:18:52] production.WARNING: Google Directions API returned status {"status":"ZERO_RESULTS","error_message":null} 
[2025-11-11 21:18:52] production.WARNING: Google Directions API returned status {"status":"ZERO_RESULTS","error_message":null} 
[2025-11-11 21:18:53] production.WARNING: Google Directions API returned status {"status":"ZERO_RESULTS","error_message":null} 
[2025-11-11 21:18:53] production.WARNING: Google Directions API returned status {"status":"ZERO_RESULTS","error_message":null} 
[2025-11-11 21:18:53] production.WARNING: Google Directions API returned status {"status":"ZERO_RESULTS","error_message":null} 
[2025-11-11 23:00:10] production.ERROR: SQLSTATE[42S22]: Column not found: 1054 Unknown column 'address' in 'car_pickup_locations' (Connection: mysql, SQL: alter table `car_pickup_locations` add `place_id` varchar(191) null after `address`) {"exception":"[object] (Illuminate\\Database\\QueryException(code: 42S22): SQLSTATE[42S22]: Column not found: 1054 Unknown column 'address' in 'car_pickup_locations' (Connection: mysql, SQL: alter table `car_pickup_locations` add `place_id` varchar(191) null after `address`) at /Users/besikiekseulidze/web-development/dropvoyage/vendor/laravel/framework/src/Illuminate/Database/Connection.php:829)
[stacktrace]
#0 /Users/besikiekseulidze/web-development/dropvoyage/vendor/laravel/framework/src/Illuminate/Database/Connection.php(783): Illuminate\\Database\\Connection->runQueryCallback('alter table `ca...', Array, Object(Closure))
#1 /Users/besikiekseulidze/web-development/dropvoyage/vendor/laravel/framework/src/Illuminate/Database/Connection.php(576): Illuminate\\Database\\Connection->run('alter table `ca...', Array, Object(Closure))
#2 /Users/besikiekseulidze/web-development/dropvoyage/vendor/laravel/framework/src/Illuminate/Database/Schema/Blueprint.php(110): Illuminate\\Database\\Connection->statement('alter table `ca...')
#3 /Users/besikiekseulidze/web-development/dropvoyage/vendor/laravel/framework/src/Illuminate/Database/Schema/Builder.php(602): Illuminate\\Database\\Schema\\Blueprint->build(Object(Illuminate\\Database\\MySqlConnection), Object(Illuminate\\Database\\Schema\\Grammars\\MySqlGrammar))
#4 /Users/besikiekseulidze/web-development/dropvoyage/vendor/laravel/framework/src/Illuminate/Database/Schema/Builder.php(444): Illuminate\\Database\\Schema\\Builder->build(Object(Illuminate\\Database\\Schema\\Blueprint))
#5 /Users/besikiekseulidze/web-development/dropvoyage/vendor/laravel/framework/src/Illuminate/Support/Facades/Facade.php(355): Illuminate\\Database\\Schema\\Builder->table('car_pickup_loca...', Object(Closure))
#6 /Users/besikiekseulidze/web-development/dropvoyage/modules/Car/Migrations/2024_07_10_000007_add_place_id_to_car_pickup_locations.php(11): Illuminate\\Support\\Facades\\Facade::__callStatic('table', Array)
#7 /Users/besikiekseulidze/web-development/dropvoyage/vendor/laravel/framework/src/Illuminate/Database/Migrations/Migrator.php(493): Illuminate\\Database\\Migrations\\Migration@anonymous->up()
#8 /Users/besikiekseulidze/web-development/dropvoyage/vendor/laravel/framework/src/Illuminate/Database/Migrations/Migrator.php(410): Illuminate\\Database\\Migrations\\Migrator->runMethod(Object(Illuminate\\Database\\MySqlConnection), Object(Illuminate\\Database\\Migrations\\Migration@anonymous), 'up')
#9 /Users/besikiekseulidze/web-development/dropvoyage/vendor/laravel/framework/src/Illuminate/Database/Migrations/Migrator.php(419): Illuminate\\Database\\Migrations\\Migrator->Illuminate\\Database\\Migrations\\{closure}()
#10 /Users/besikiekseulidze/web-development/dropvoyage/vendor/laravel/framework/src/Illuminate/Database/Migrations/Migrator.php(216): Illuminate\\Database\\Migrations\\Migrator->runMigration(Object(Illuminate\\Database\\Migrations\\Migration@anonymous), 'up')
#11 /Users/besikiekseulidze/web-development/dropvoyage/vendor/laravel/framework/src/Illuminate/Console/View/Components/Task.php(37): Illuminate\\Database\\Migrations\\Migrator->Illuminate\\Database\\Migrations\\{closure}()
#12 /Users/besikiekseulidze/web-development/dropvoyage/vendor/laravel/framework/src/Illuminate/Database/Migrations/Migrator.php(756): Illuminate\\Console\\View\\Components\\Task->render('2024_07_10_0000...', Object(Closure))
#13 /Users/besikiekseulidze/web-development/dropvoyage/vendor/laravel/framework/src/Illuminate/Database/Migrations/Migrator.php(216): Illuminate\\Database\\Migrations\\Migrator->write('Illuminate\\\\Cons...', '2024_07_10_0000...', Object(Closure))
#14 /Users/besikiekseulidze/web-development/dropvoyage/vendor/laravel/framework/src/Illuminate/Database/Migrations/Migrator.php(181): Illuminate\\Database\\Migrations\\Migrator->runUp('/Users/besikiek...', 8, false)
#15 /Users/besikiekseulidze/web-development/dropvoyage/vendor/laravel/framework/src/Illuminate/Database/Migrations/Migrator.php(124): Illuminate\\Database\\Migrations\\Migrator->runPending(Array, Array)
#16 /Users/besikiekseulidze/web-development/dropvoyage/vendor/laravel/framework/src/Illuminate/Database/Console/Migrations/MigrateCommand.php(90): Illuminate\\Database\\Migrations\\Migrator->run(Array, Array)
#17 /Users/besikiekseulidze/web-development/dropvoyage/vendor/laravel/framework/src/Illuminate/Database/Migrations/Migrator.php(633): Illuminate\\Database\\Console\\Migrations\\MigrateCommand->Illuminate\\Database\\Console\\Migrations\\{closure}()
#18 /Users/besikiekseulidze/web-development/dropvoyage/vendor/laravel/framework/src/Illuminate/Database/Console/Migrations/MigrateCommand.php(83): Illuminate\\Database\\Migrations\\Migrator->usingConnection(NULL, Object(Closure))
#19 /Users/besikiekseulidze/web-development/dropvoyage/vendor/laravel/framework/src/Illuminate/Container/BoundMethod.php(36): Illuminate\\Database\\Console\\Migrations\\MigrateCommand->handle()
#20 /Users/besikiekseulidze/web-development/dropvoyage/vendor/laravel/framework/src/Illuminate/Container/Util.php(41): Illuminate\\Container\\BoundMethod::Illuminate\\Container\\{closure}()
#21 /Users/besikiekseulidze/web-development/dropvoyage/vendor/laravel/framework/src/Illuminate/Container/BoundMethod.php(93): Illuminate\\Container\\Util::unwrapIfClosure(Object(Closure))
#22 /Users/besikiekseulidze/web-development/dropvoyage/vendor/laravel/framework/src/Illuminate/Container/BoundMethod.php(35): Illuminate\\Container\\BoundMethod::callBoundMethod(Object(Illuminate\\Foundation\\Application), Array, Object(Closure))
#23 /Users/besikiekseulidze/web-development/dropvoyage/vendor/laravel/framework/src/Illuminate/Container/Container.php(662): Illuminate\\Container\\BoundMethod::call(Object(Illuminate\\Foundation\\Application), Array, Array, NULL)
#24 /Users/besikiekseulidze/web-development/dropvoyage/vendor/laravel/framework/src/Illuminate/Console/Command.php(211): Illuminate\\Container\\Container->call(Array)
#25 /Users/besikiekseulidze/web-development/dropvoyage/vendor/symfony/console/Command/Command.php(326): Illuminate\\Console\\Command->execute(Object(Symfony\\Component\\Console\\Input\\ArgvInput), Object(Illuminate\\Console\\OutputStyle))
#26 /Users/besikiekseulidze/web-development/dropvoyage/vendor/laravel/framework/src/Illuminate/Console/Command.php(180): Symfony\\Component\\Console\\Command\\Command->run(Object(Symfony\\Component\\Console\\Input\\ArgvInput), Object(Illuminate\\Console\\OutputStyle))
#27 /Users/besikiekseulidze/web-development/dropvoyage/vendor/symfony/console/Application.php(1096): Illuminate\\Console\\Command->run(Object(Symfony\\Component\\Console\\Input\\ArgvInput), Object(Symfony\\Component\\Console\\Output\\ConsoleOutput))
#28 /Users/besikiekseulidze/web-development/dropvoyage/vendor/symfony/console/Application.php(324): Symfony\\Component\\Console\\Application->doRunCommand(Object(Illuminate\\Database\\Console\\Migrations\\MigrateCommand), Object(Symfony\\Component\\Console\\Input\\ArgvInput), Object(Symfony\\Component\\Console\\Output\\ConsoleOutput))
#29 /Users/besikiekseulidze/web-development/dropvoyage/vendor/symfony/console/Application.php(175): Symfony\\Component\\Console\\Application->doRun(Object(Symfony\\Component\\Console\\Input\\ArgvInput), Object(Symfony\\Component\\Console\\Output\\ConsoleOutput))
#30 /Users/besikiekseulidze/web-development/dropvoyage/vendor/laravel/framework/src/Illuminate/Foundation/Console/Kernel.php(201): Symfony\\Component\\Console\\Application->run(Object(Symfony\\Component\\Console\\Input\\ArgvInput), Object(Symfony\\Component\\Console\\Output\\ConsoleOutput))
#31 /Users/besikiekseulidze/web-development/dropvoyage/artisan(38): Illuminate\\Foundation\\Console\\Kernel->handle(Object(Symfony\\Component\\Console\\Input\\ArgvInput), Object(Symfony\\Component\\Console\\Output\\ConsoleOutput))
#32 {main}

[previous exception] [object] (PDOException(code: 42S22): SQLSTATE[42S22]: Column not found: 1054 Unknown column 'address' in 'car_pickup_locations' at /Users/besikiekseulidze/web-development/dropvoyage/vendor/laravel/framework/src/Illuminate/Database/Connection.php:587)
[stacktrace]
#0 /Users/besikiekseulidze/web-development/dropvoyage/vendor/laravel/framework/src/Illuminate/Database/Connection.php(587): PDOStatement->execute()
#1 /Users/besikiekseulidze/web-development/dropvoyage/vendor/laravel/framework/src/Illuminate/Database/Connection.php(816): Illuminate\\Database\\Connection->Illuminate\\Database\\{closure}('alter table `ca...', Array)
#2 /Users/besikiekseulidze/web-development/dropvoyage/vendor/laravel/framework/src/Illuminate/Database/Connection.php(783): Illuminate\\Database\\Connection->runQueryCallback('alter table `ca...', Array, Object(Closure))
#3 /Users/besikiekseulidze/web-development/dropvoyage/vendor/laravel/framework/src/Illuminate/Database/Connection.php(576): Illuminate\\Database\\Connection->run('alter table `ca...', Array, Object(Closure))
#4 /Users/besikiekseulidze/web-development/dropvoyage/vendor/laravel/framework/src/Illuminate/Database/Schema/Blueprint.php(110): Illuminate\\Database\\Connection->statement('alter table `ca...')
#5 /Users/besikiekseulidze/web-development/dropvoyage/vendor/laravel/framework/src/Illuminate/Database/Schema/Builder.php(602): Illuminate\\Database\\Schema\\Blueprint->build(Object(Illuminate\\Database\\MySqlConnection), Object(Illuminate\\Database\\Schema\\Grammars\\MySqlGrammar))
#6 /Users/besikiekseulidze/web-development/dropvoyage/vendor/laravel/framework/src/Illuminate/Database/Schema/Builder.php(444): Illuminate\\Database\\Schema\\Builder->build(Object(Illuminate\\Database\\Schema\\Blueprint))
#7 /Users/besikiekseulidze/web-development/dropvoyage/vendor/laravel/framework/src/Illuminate/Support/Facades/Facade.php(355): Illuminate\\Database\\Schema\\Builder->table('car_pickup_loca...', Object(Closure))
#8 /Users/besikiekseulidze/web-development/dropvoyage/modules/Car/Migrations/2024_07_10_000007_add_place_id_to_car_pickup_locations.php(11): Illuminate\\Support\\Facades\\Facade::__callStatic('table', Array)
#9 /Users/besikiekseulidze/web-development/dropvoyage/vendor/laravel/framework/src/Illuminate/Database/Migrations/Migrator.php(493): Illuminate\\Database\\Migrations\\Migration@anonymous->up()
#10 /Users/besikiekseulidze/web-development/dropvoyage/vendor/laravel/framework/src/Illuminate/Database/Migrations/Migrator.php(410): Illuminate\\Database\\Migrations\\Migrator->runMethod(Object(Illuminate\\Database\\MySqlConnection), Object(Illuminate\\Database\\Migrations\\Migration@anonymous), 'up')
#11 /Users/besikiekseulidze/web-development/dropvoyage/vendor/laravel/framework/src/Illuminate/Database/Migrations/Migrator.php(419): Illuminate\\Database\\Migrations\\Migrator->Illuminate\\Database\\Migrations\\{closure}()
#12 /Users/besikiekseulidze/web-development/dropvoyage/vendor/laravel/framework/src/Illuminate/Database/Migrations/Migrator.php(216): Illuminate\\Database\\Migrations\\Migrator->runMigration(Object(Illuminate\\Database\\Migrations\\Migration@anonymous), 'up')
#13 /Users/besikiekseulidze/web-development/dropvoyage/vendor/laravel/framework/src/Illuminate/Console/View/Components/Task.php(37): Illuminate\\Database\\Migrations\\Migrator->Illuminate\\Database\\Migrations\\{closure}()
#14 /Users/besikiekseulidze/web-development/dropvoyage/vendor/laravel/framework/src/Illuminate/Database/Migrations/Migrator.php(756): Illuminate\\Console\\View\\Components\\Task->render('2024_07_10_0000...', Object(Closure))
#15 /Users/besikiekseulidze/web-development/dropvoyage/vendor/laravel/framework/src/Illuminate/Database/Migrations/Migrator.php(216): Illuminate\\Database\\Migrations\\Migrator->write('Illuminate\\\\Cons...', '2024_07_10_0000...', Object(Closure))
#16 /Users/besikiekseulidze/web-development/dropvoyage/vendor/laravel/framework/src/Illuminate/Database/Migrations/Migrator.php(181): Illuminate\\Database\\Migrations\\Migrator->runUp('/Users/besikiek...', 8, false)
#17 /Users/besikiekseulidze/web-development/dropvoyage/vendor/laravel/framework/src/Illuminate/Database/Migrations/Migrator.php(124): Illuminate\\Database\\Migrations\\Migrator->runPending(Array, Array)
#18 /Users/besikiekseulidze/web-development/dropvoyage/vendor/laravel/framework/src/Illuminate/Database/Console/Migrations/MigrateCommand.php(90): Illuminate\\Database\\Migrations\\Migrator->run(Array, Array)
#19 /Users/besikiekseulidze/web-development/dropvoyage/vendor/laravel/framework/src/Illuminate/Database/Migrations/Migrator.php(633): Illuminate\\Database\\Console\\Migrations\\MigrateCommand->Illuminate\\Database\\Console\\Migrations\\{closure}()
#20 /Users/besikiekseulidze/web-development/dropvoyage/vendor/laravel/framework/src/Illuminate/Database/Console/Migrations/MigrateCommand.php(83): Illuminate\\Database\\Migrations\\Migrator->usingConnection(NULL, Object(Closure))
#21 /Users/besikiekseulidze/web-development/dropvoyage/vendor/laravel/framework/src/Illuminate/Container/BoundMethod.php(36): Illuminate\\Database\\Console\\Migrations\\MigrateCommand->handle()
#22 /Users/besikiekseulidze/web-development/dropvoyage/vendor/laravel/framework/src/Illuminate/Container/Util.php(41): Illuminate\\Container\\BoundMethod::Illuminate\\Container\\{closure}()
#23 /Users/besikiekseulidze/web-development/dropvoyage/vendor/laravel/framework/src/Illuminate/Container/BoundMethod.php(93): Illuminate\\Container\\Util::unwrapIfClosure(Object(Closure))
#24 /Users/besikiekseulidze/web-development/dropvoyage/vendor/laravel/framework/src/Illuminate/Container/BoundMethod.php(35): Illuminate\\Container\\BoundMethod::callBoundMethod(Object(Illuminate\\Foundation\\Application), Array, Object(Closure))
#25 /Users/besikiekseulidze/web-development/dropvoyage/vendor/laravel/framework/src/Illuminate/Container/Container.php(662): Illuminate\\Container\\BoundMethod::call(Object(Illuminate\\Foundation\\Application), Array, Array, NULL)
#26 /Users/besikiekseulidze/web-development/dropvoyage/vendor/laravel/framework/src/Illuminate/Console/Command.php(211): Illuminate\\Container\\Container->call(Array)
#27 /Users/besikiekseulidze/web-development/dropvoyage/vendor/symfony/console/Command/Command.php(326): Illuminate\\Console\\Command->execute(Object(Symfony\\Component\\Console\\Input\\ArgvInput), Object(Illuminate\\Console\\OutputStyle))
#28 /Users/besikiekseulidze/web-development/dropvoyage/vendor/laravel/framework/src/Illuminate/Console/Command.php(180): Symfony\\Component\\Console\\Command\\Command->run(Object(Symfony\\Component\\Console\\Input\\ArgvInput), Object(Illuminate\\Console\\OutputStyle))
#29 /Users/besikiekseulidze/web-development/dropvoyage/vendor/symfony/console/Application.php(1096): Illuminate\\Console\\Command->run(Object(Symfony\\Component\\Console\\Input\\ArgvInput), Object(Symfony\\Component\\Console\\Output\\ConsoleOutput))
#30 /Users/besikiekseulidze/web-development/dropvoyage/vendor/symfony/console/Application.php(324): Symfony\\Component\\Console\\Application->doRunCommand(Object(Illuminate\\Database\\Console\\Migrations\\MigrateCommand), Object(Symfony\\Component\\Console\\Input\\ArgvInput), Object(Symfony\\Component\\Console\\Output\\ConsoleOutput))
#31 /Users/besikiekseulidze/web-development/dropvoyage/vendor/symfony/console/Application.php(175): Symfony\\Component\\Console\\Application->doRun(Object(Symfony\\Component\\Console\\Input\\ArgvInput), Object(Symfony\\Component\\Console\\Output\\ConsoleOutput))
#32 /Users/besikiekseulidze/web-development/dropvoyage/vendor/laravel/framework/src/Illuminate/Foundation/Console/Kernel.php(201): Symfony\\Component\\Console\\Application->run(Object(Symfony\\Component\\Console\\Input\\ArgvInput), Object(Symfony\\Component\\Console\\Output\\ConsoleOutput))
#33 /Users/besikiekseulidze/web-development/dropvoyage/artisan(38): Illuminate\\Foundation\\Console\\Kernel->handle(Object(Symfony\\Component\\Console\\Input\\ArgvInput), Object(Symfony\\Component\\Console\\Output\\ConsoleOutput))
#34 {main}
"} 
[2025-11-11 23:00:17] production.ERROR: SQLSTATE[42S22]: Column not found: 1054 Unknown column 'address' in 'car_pickup_locations' (Connection: mysql, SQL: alter table `car_pickup_locations` add `place_id` varchar(191) null after `address`) {"exception":"[object] (Illuminate\\Database\\QueryException(code: 42S22): SQLSTATE[42S22]: Column not found: 1054 Unknown column 'address' in 'car_pickup_locations' (Connection: mysql, SQL: alter table `car_pickup_locations` add `place_id` varchar(191) null after `address`) at /Users/besikiekseulidze/web-development/dropvoyage/vendor/laravel/framework/src/Illuminate/Database/Connection.php:829)
[stacktrace]
#0 /Users/besikiekseulidze/web-development/dropvoyage/vendor/laravel/framework/src/Illuminate/Database/Connection.php(783): Illuminate\\Database\\Connection->runQueryCallback('alter table `ca...', Array, Object(Closure))
#1 /Users/besikiekseulidze/web-development/dropvoyage/vendor/laravel/framework/src/Illuminate/Database/Connection.php(576): Illuminate\\Database\\Connection->run('alter table `ca...', Array, Object(Closure))
#2 /Users/besikiekseulidze/web-development/dropvoyage/vendor/laravel/framework/src/Illuminate/Database/Schema/Blueprint.php(110): Illuminate\\Database\\Connection->statement('alter table `ca...')
#3 /Users/besikiekseulidze/web-development/dropvoyage/vendor/laravel/framework/src/Illuminate/Database/Schema/Builder.php(602): Illuminate\\Database\\Schema\\Blueprint->build(Object(Illuminate\\Database\\MySqlConnection), Object(Illuminate\\Database\\Schema\\Grammars\\MySqlGrammar))
#4 /Users/besikiekseulidze/web-development/dropvoyage/vendor/laravel/framework/src/Illuminate/Database/Schema/Builder.php(444): Illuminate\\Database\\Schema\\Builder->build(Object(Illuminate\\Database\\Schema\\Blueprint))
#5 /Users/besikiekseulidze/web-development/dropvoyage/vendor/laravel/framework/src/Illuminate/Support/Facades/Facade.php(355): Illuminate\\Database\\Schema\\Builder->table('car_pickup_loca...', Object(Closure))
#6 /Users/besikiekseulidze/web-development/dropvoyage/modules/Car/Migrations/2024_07_10_000007_add_place_id_to_car_pickup_locations.php(11): Illuminate\\Support\\Facades\\Facade::__callStatic('table', Array)
#7 /Users/besikiekseulidze/web-development/dropvoyage/vendor/laravel/framework/src/Illuminate/Database/Migrations/Migrator.php(493): Illuminate\\Database\\Migrations\\Migration@anonymous->up()
#8 /Users/besikiekseulidze/web-development/dropvoyage/vendor/laravel/framework/src/Illuminate/Database/Migrations/Migrator.php(410): Illuminate\\Database\\Migrations\\Migrator->runMethod(Object(Illuminate\\Database\\MySqlConnection), Object(Illuminate\\Database\\Migrations\\Migration@anonymous), 'up')
#9 /Users/besikiekseulidze/web-development/dropvoyage/vendor/laravel/framework/src/Illuminate/Database/Migrations/Migrator.php(419): Illuminate\\Database\\Migrations\\Migrator->Illuminate\\Database\\Migrations\\{closure}()
#10 /Users/besikiekseulidze/web-development/dropvoyage/vendor/laravel/framework/src/Illuminate/Database/Migrations/Migrator.php(216): Illuminate\\Database\\Migrations\\Migrator->runMigration(Object(Illuminate\\Database\\Migrations\\Migration@anonymous), 'up')
#11 /Users/besikiekseulidze/web-development/dropvoyage/vendor/laravel/framework/src/Illuminate/Console/View/Components/Task.php(37): Illuminate\\Database\\Migrations\\Migrator->Illuminate\\Database\\Migrations\\{closure}()
#12 /Users/besikiekseulidze/web-development/dropvoyage/vendor/laravel/framework/src/Illuminate/Database/Migrations/Migrator.php(756): Illuminate\\Console\\View\\Components\\Task->render('2024_07_10_0000...', Object(Closure))
#13 /Users/besikiekseulidze/web-development/dropvoyage/vendor/laravel/framework/src/Illuminate/Database/Migrations/Migrator.php(216): Illuminate\\Database\\Migrations\\Migrator->write('Illuminate\\\\Cons...', '2024_07_10_0000...', Object(Closure))
#14 /Users/besikiekseulidze/web-development/dropvoyage/vendor/laravel/framework/src/Illuminate/Database/Migrations/Migrator.php(181): Illuminate\\Database\\Migrations\\Migrator->runUp('/Users/besikiek...', 8, false)
#15 /Users/besikiekseulidze/web-development/dropvoyage/vendor/laravel/framework/src/Illuminate/Database/Migrations/Migrator.php(124): Illuminate\\Database\\Migrations\\Migrator->runPending(Array, Array)
#16 /Users/besikiekseulidze/web-development/dropvoyage/vendor/laravel/framework/src/Illuminate/Database/Console/Migrations/MigrateCommand.php(90): Illuminate\\Database\\Migrations\\Migrator->run(Array, Array)
#17 /Users/besikiekseulidze/web-development/dropvoyage/vendor/laravel/framework/src/Illuminate/Database/Migrations/Migrator.php(633): Illuminate\\Database\\Console\\Migrations\\MigrateCommand->Illuminate\\Database\\Console\\Migrations\\{closure}()
#18 /Users/besikiekseulidze/web-development/dropvoyage/vendor/laravel/framework/src/Illuminate/Database/Console/Migrations/MigrateCommand.php(83): Illuminate\\Database\\Migrations\\Migrator->usingConnection(NULL, Object(Closure))
#19 /Users/besikiekseulidze/web-development/dropvoyage/vendor/laravel/framework/src/Illuminate/Container/BoundMethod.php(36): Illuminate\\Database\\Console\\Migrations\\MigrateCommand->handle()
#20 /Users/besikiekseulidze/web-development/dropvoyage/vendor/laravel/framework/src/Illuminate/Container/Util.php(41): Illuminate\\Container\\BoundMethod::Illuminate\\Container\\{closure}()
#21 /Users/besikiekseulidze/web-development/dropvoyage/vendor/laravel/framework/src/Illuminate/Container/BoundMethod.php(93): Illuminate\\Container\\Util::unwrapIfClosure(Object(Closure))
#22 /Users/besikiekseulidze/web-development/dropvoyage/vendor/laravel/framework/src/Illuminate/Container/BoundMethod.php(35): Illuminate\\Container\\BoundMethod::callBoundMethod(Object(Illuminate\\Foundation\\Application), Array, Object(Closure))
#23 /Users/besikiekseulidze/web-development/dropvoyage/vendor/laravel/framework/src/Illuminate/Container/Container.php(662): Illuminate\\Container\\BoundMethod::call(Object(Illuminate\\Foundation\\Application), Array, Array, NULL)
#24 /Users/besikiekseulidze/web-development/dropvoyage/vendor/laravel/framework/src/Illuminate/Console/Command.php(211): Illuminate\\Container\\Container->call(Array)
#25 /Users/besikiekseulidze/web-development/dropvoyage/vendor/symfony/console/Command/Command.php(326): Illuminate\\Console\\Command->execute(Object(Symfony\\Component\\Console\\Input\\ArgvInput), Object(Illuminate\\Console\\OutputStyle))
#26 /Users/besikiekseulidze/web-development/dropvoyage/vendor/laravel/framework/src/Illuminate/Console/Command.php(180): Symfony\\Component\\Console\\Command\\Command->run(Object(Symfony\\Component\\Console\\Input\\ArgvInput), Object(Illuminate\\Console\\OutputStyle))
#27 /Users/besikiekseulidze/web-development/dropvoyage/vendor/symfony/console/Application.php(1096): Illuminate\\Console\\Command->run(Object(Symfony\\Component\\Console\\Input\\ArgvInput), Object(Symfony\\Component\\Console\\Output\\ConsoleOutput))
#28 /Users/besikiekseulidze/web-development/dropvoyage/vendor/symfony/console/Application.php(324): Symfony\\Component\\Console\\Application->doRunCommand(Object(Illuminate\\Database\\Console\\Migrations\\MigrateCommand), Object(Symfony\\Component\\Console\\Input\\ArgvInput), Object(Symfony\\Component\\Console\\Output\\ConsoleOutput))
#29 /Users/besikiekseulidze/web-development/dropvoyage/vendor/symfony/console/Application.php(175): Symfony\\Component\\Console\\Application->doRun(Object(Symfony\\Component\\Console\\Input\\ArgvInput), Object(Symfony\\Component\\Console\\Output\\ConsoleOutput))
#30 /Users/besikiekseulidze/web-development/dropvoyage/vendor/laravel/framework/src/Illuminate/Foundation/Console/Kernel.php(201): Symfony\\Component\\Console\\Application->run(Object(Symfony\\Component\\Console\\Input\\ArgvInput), Object(Symfony\\Component\\Console\\Output\\ConsoleOutput))
#31 /Users/besikiekseulidze/web-development/dropvoyage/artisan(38): Illuminate\\Foundation\\Console\\Kernel->handle(Object(Symfony\\Component\\Console\\Input\\ArgvInput), Object(Symfony\\Component\\Console\\Output\\ConsoleOutput))
#32 {main}

[previous exception] [object] (PDOException(code: 42S22): SQLSTATE[42S22]: Column not found: 1054 Unknown column 'address' in 'car_pickup_locations' at /Users/besikiekseulidze/web-development/dropvoyage/vendor/laravel/framework/src/Illuminate/Database/Connection.php:587)
[stacktrace]
#0 /Users/besikiekseulidze/web-development/dropvoyage/vendor/laravel/framework/src/Illuminate/Database/Connection.php(587): PDOStatement->execute()
#1 /Users/besikiekseulidze/web-development/dropvoyage/vendor/laravel/framework/src/Illuminate/Database/Connection.php(816): Illuminate\\Database\\Connection->Illuminate\\Database\\{closure}('alter table `ca...', Array)
#2 /Users/besikiekseulidze/web-development/dropvoyage/vendor/laravel/framework/src/Illuminate/Database/Connection.php(783): Illuminate\\Database\\Connection->runQueryCallback('alter table `ca...', Array, Object(Closure))
#3 /Users/besikiekseulidze/web-development/dropvoyage/vendor/laravel/framework/src/Illuminate/Database/Connection.php(576): Illuminate\\Database\\Connection->run('alter table `ca...', Array, Object(Closure))
#4 /Users/besikiekseulidze/web-development/dropvoyage/vendor/laravel/framework/src/Illuminate/Database/Schema/Blueprint.php(110): Illuminate\\Database\\Connection->statement('alter table `ca...')
#5 /Users/besikiekseulidze/web-development/dropvoyage/vendor/laravel/framework/src/Illuminate/Database/Schema/Builder.php(602): Illuminate\\Database\\Schema\\Blueprint->build(Object(Illuminate\\Database\\MySqlConnection), Object(Illuminate\\Database\\Schema\\Grammars\\MySqlGrammar))
#6 /Users/besikiekseulidze/web-development/dropvoyage/vendor/laravel/framework/src/Illuminate/Database/Schema/Builder.php(444): Illuminate\\Database\\Schema\\Builder->build(Object(Illuminate\\Database\\Schema\\Blueprint))
#7 /Users/besikiekseulidze/web-development/dropvoyage/vendor/laravel/framework/src/Illuminate/Support/Facades/Facade.php(355): Illuminate\\Database\\Schema\\Builder->table('car_pickup_loca...', Object(Closure))
#8 /Users/besikiekseulidze/web-development/dropvoyage/modules/Car/Migrations/2024_07_10_000007_add_place_id_to_car_pickup_locations.php(11): Illuminate\\Support\\Facades\\Facade::__callStatic('table', Array)
#9 /Users/besikiekseulidze/web-development/dropvoyage/vendor/laravel/framework/src/Illuminate/Database/Migrations/Migrator.php(493): Illuminate\\Database\\Migrations\\Migration@anonymous->up()
#10 /Users/besikiekseulidze/web-development/dropvoyage/vendor/laravel/framework/src/Illuminate/Database/Migrations/Migrator.php(410): Illuminate\\Database\\Migrations\\Migrator->runMethod(Object(Illuminate\\Database\\MySqlConnection), Object(Illuminate\\Database\\Migrations\\Migration@anonymous), 'up')
#11 /Users/besikiekseulidze/web-development/dropvoyage/vendor/laravel/framework/src/Illuminate/Database/Migrations/Migrator.php(419): Illuminate\\Database\\Migrations\\Migrator->Illuminate\\Database\\Migrations\\{closure}()
#12 /Users/besikiekseulidze/web-development/dropvoyage/vendor/laravel/framework/src/Illuminate/Database/Migrations/Migrator.php(216): Illuminate\\Database\\Migrations\\Migrator->runMigration(Object(Illuminate\\Database\\Migrations\\Migration@anonymous), 'up')
#13 /Users/besikiekseulidze/web-development/dropvoyage/vendor/laravel/framework/src/Illuminate/Console/View/Components/Task.php(37): Illuminate\\Database\\Migrations\\Migrator->Illuminate\\Database\\Migrations\\{closure}()
#14 /Users/besikiekseulidze/web-development/dropvoyage/vendor/laravel/framework/src/Illuminate/Database/Migrations/Migrator.php(756): Illuminate\\Console\\View\\Components\\Task->render('2024_07_10_0000...', Object(Closure))
#15 /Users/besikiekseulidze/web-development/dropvoyage/vendor/laravel/framework/src/Illuminate/Database/Migrations/Migrator.php(216): Illuminate\\Database\\Migrations\\Migrator->write('Illuminate\\\\Cons...', '2024_07_10_0000...', Object(Closure))
#16 /Users/besikiekseulidze/web-development/dropvoyage/vendor/laravel/framework/src/Illuminate/Database/Migrations/Migrator.php(181): Illuminate\\Database\\Migrations\\Migrator->runUp('/Users/besikiek...', 8, false)
#17 /Users/besikiekseulidze/web-development/dropvoyage/vendor/laravel/framework/src/Illuminate/Database/Migrations/Migrator.php(124): Illuminate\\Database\\Migrations\\Migrator->runPending(Array, Array)
#18 /Users/besikiekseulidze/web-development/dropvoyage/vendor/laravel/framework/src/Illuminate/Database/Console/Migrations/MigrateCommand.php(90): Illuminate\\Database\\Migrations\\Migrator->run(Array, Array)
#19 /Users/besikiekseulidze/web-development/dropvoyage/vendor/laravel/framework/src/Illuminate/Database/Migrations/Migrator.php(633): Illuminate\\Database\\Console\\Migrations\\MigrateCommand->Illuminate\\Database\\Console\\Migrations\\{closure}()
#20 /Users/besikiekseulidze/web-development/dropvoyage/vendor/laravel/framework/src/Illuminate/Database/Console/Migrations/MigrateCommand.php(83): Illuminate\\Database\\Migrations\\Migrator->usingConnection(NULL, Object(Closure))
#21 /Users/besikiekseulidze/web-development/dropvoyage/vendor/laravel/framework/src/Illuminate/Container/BoundMethod.php(36): Illuminate\\Database\\Console\\Migrations\\MigrateCommand->handle()
#22 /Users/besikiekseulidze/web-development/dropvoyage/vendor/laravel/framework/src/Illuminate/Container/Util.php(41): Illuminate\\Container\\BoundMethod::Illuminate\\Container\\{closure}()
#23 /Users/besikiekseulidze/web-development/dropvoyage/vendor/laravel/framework/src/Illuminate/Container/BoundMethod.php(93): Illuminate\\Container\\Util::unwrapIfClosure(Object(Closure))
#24 /Users/besikiekseulidze/web-development/dropvoyage/vendor/laravel/framework/src/Illuminate/Container/BoundMethod.php(35): Illuminate\\Container\\BoundMethod::callBoundMethod(Object(Illuminate\\Foundation\\Application), Array, Object(Closure))
#25 /Users/besikiekseulidze/web-development/dropvoyage/vendor/laravel/framework/src/Illuminate/Container/Container.php(662): Illuminate\\Container\\BoundMethod::call(Object(Illuminate\\Foundation\\Application), Array, Array, NULL)
#26 /Users/besikiekseulidze/web-development/dropvoyage/vendor/laravel/framework/src/Illuminate/Console/Command.php(211): Illuminate\\Container\\Container->call(Array)
#27 /Users/besikiekseulidze/web-development/dropvoyage/vendor/symfony/console/Command/Command.php(326): Illuminate\\Console\\Command->execute(Object(Symfony\\Component\\Console\\Input\\ArgvInput), Object(Illuminate\\Console\\OutputStyle))
#28 /Users/besikiekseulidze/web-development/dropvoyage/vendor/laravel/framework/src/Illuminate/Console/Command.php(180): Symfony\\Component\\Console\\Command\\Command->run(Object(Symfony\\Component\\Console\\Input\\ArgvInput), Object(Illuminate\\Console\\OutputStyle))
#29 /Users/besikiekseulidze/web-development/dropvoyage/vendor/symfony/console/Application.php(1096): Illuminate\\Console\\Command->run(Object(Symfony\\Component\\Console\\Input\\ArgvInput), Object(Symfony\\Component\\Console\\Output\\ConsoleOutput))
#30 /Users/besikiekseulidze/web-development/dropvoyage/vendor/symfony/console/Application.php(324): Symfony\\Component\\Console\\Application->doRunCommand(Object(Illuminate\\Database\\Console\\Migrations\\MigrateCommand), Object(Symfony\\Component\\Console\\Input\\ArgvInput), Object(Symfony\\Component\\Console\\Output\\ConsoleOutput))
#31 /Users/besikiekseulidze/web-development/dropvoyage/vendor/symfony/console/Application.php(175): Symfony\\Component\\Console\\Application->doRun(Object(Symfony\\Component\\Console\\Input\\ArgvInput), Object(Symfony\\Component\\Console\\Output\\ConsoleOutput))
#32 /Users/besikiekseulidze/web-development/dropvoyage/vendor/laravel/framework/src/Illuminate/Foundation/Console/Kernel.php(201): Symfony\\Component\\Console\\Application->run(Object(Symfony\\Component\\Console\\Input\\ArgvInput), Object(Symfony\\Component\\Console\\Output\\ConsoleOutput))
#33 /Users/besikiekseulidze/web-development/dropvoyage/artisan(38): Illuminate\\Foundation\\Console\\Kernel->handle(Object(Symfony\\Component\\Console\\Input\\ArgvInput), Object(Symfony\\Component\\Console\\Output\\ConsoleOutput))
#34 {main}
"} 
[2025-11-11 23:21:18] production.WARNING: Google Directions API returned status {"status":"ZERO_RESULTS","error_message":null} 
[2025-11-11 23:21:19] production.WARNING: Google Directions API returned status {"status":"ZERO_RESULTS","error_message":null} 
